<?xml version="1.0" encoding="UTF-8"?>
<testng-results skipped="0" failed="0" total="1" passed="1">
  <reporter-output>
  </reporter-output>
  <suite name="Suite" duration-ms="87836" started-at="2019-03-20T01:01:01Z" finished-at="2019-03-20T01:02:29Z">
    <groups>
    </groups>
    <test name="Test" duration-ms="87836" started-at="2019-03-20T01:01:01Z" finished-at="2019-03-20T01:02:29Z">
      <class name="ahead.com.Demo1">
        <test-method status="PASS" signature="openchrome()[pri:0, instance:ahead.com.Demo1@66133adc]" name="openchrome" duration-ms="87735" started-at="2019-03-20T09:01:01Z" finished-at="2019-03-20T09:02:29Z">
          <reporter-output>
          </reporter-output>
        </test-method> <!-- openchrome -->
      </class> <!-- ahead.com.Demo1 -->
    </test> <!-- Test -->
  </suite> <!-- Suite -->
</testng-results>
