<?xml version="1.0" encoding="UTF-8"?>
<testng-results skipped="0" failed="0" total="1" passed="1">
  <reporter-output>
  </reporter-output>
  <suite name="Suite" duration-ms="102238" started-at="2019-03-19T08:09:51Z" finished-at="2019-03-19T08:11:34Z">
    <groups>
    </groups>
    <test name="Test" duration-ms="102238" started-at="2019-03-19T08:09:51Z" finished-at="2019-03-19T08:11:34Z">
      <class name="ahead.com.Demo1">
        <test-method status="PASS" signature="openchrome()[pri:0, instance:ahead.com.Demo1@53dfacba]" name="openchrome" duration-ms="101993" started-at="2019-03-19T16:09:52Z" finished-at="2019-03-19T16:11:34Z">
          <reporter-output>
          </reporter-output>
        </test-method> <!-- openchrome -->
      </class> <!-- ahead.com.Demo1 -->
    </test> <!-- Test -->
  </suite> <!-- Suite -->
</testng-results>
